Started GET "/users/new" for ::1 at 2019-09-19 00:01:13 +0900
  [1m[35m (2.1ms)[0m  [1m[35mSET NAMES utf8mb4,  @@SESSION.sql_mode = CONCAT(CONCAT(@@sql_mode, ',STRICT_ALL_TABLES'), ',NO_AUTO_VALUE_ON_ZERO'),  @@SESSION.sql_auto_is_null = 0, @@SESSION.wait_timeout = 2147483[0m
  [1m[35m (1.4ms)[0m  [1m[34mSELECT `schema_migrations`.`version` FROM `schema_migrations` ORDER BY `schema_migrations`.`version` ASC[0m
Processing by UsersController#new as HTML
  Rendering users/new.html.erb within layouts/application
  Rendered users/new.html.erb within layouts/application (Duration: 4.0ms | Allocations: 1063)
[Webpacker] Compiling…
[Webpacker] Compiled all packs in /Users/yuki-nagaoka/crud_resources/public/packs
Completed 200 OK in 4699ms (Views: 4665.0ms | ActiveRecord: 16.6ms | Allocations: 1355340)


DEPRECATION WARNING: Using `bin/rake routes` is deprecated and will be removed in Rails 6.1. Use `bin/rails routes` instead.
 (called from load at /Users/yuki-nagaoka/.rbenv/versions/2.6.0/bin/rake:23)
Started GET "/users/new" for ::1 at 2019-09-19 00:04:44 +0900
Processing by UsersController#new as HTML
  Rendering users/new.html.erb within layouts/application
  Rendered users/new.html.erb within layouts/application (Duration: 0.7ms | Allocations: 270)
Completed 200 OK in 26ms (Views: 10.4ms | ActiveRecord: 10.0ms | Allocations: 8022)


Started POST "/users" for ::1 at 2019-09-19 00:04:50 +0900
Processing by UsersController#create as HTML
  Parameters: {"authenticity_token"=>"slTN+Tcz+PK6BeNvIVKEGEZqIaJ9ntKCDWRbmCDMoV8bsh2vPu2Z1Hzu8+1PUtkzBYcLdpPTJ8O3OrrjruTT1g==", "user"=>{"name"=>"risottoupdate", "age"=>"43"}}
  [1m[35m (0.3ms)[0m  [1m[35mBEGIN[0m
  ↳ app/controllers/users_controller.rb:15:in `create'
  [1m[36mUser Create (1.6ms)[0m  [1m[32mINSERT INTO `users` (`name`, `age`, `created_at`, `updated_at`) VALUES ('risottoupdate', 43, '2019-09-18 15:04:50.031866', '2019-09-18 15:04:50.031866')[0m
  ↳ app/controllers/users_controller.rb:15:in `create'
  [1m[35m (1.1ms)[0m  [1m[35mCOMMIT[0m
  ↳ app/controllers/users_controller.rb:15:in `create'
  Rendering users/create.html.erb within layouts/application
  Rendered users/create.html.erb within layouts/application (Duration: 0.5ms | Allocations: 128)
Completed 200 OK in 15ms (Views: 5.9ms | ActiveRecord: 3.0ms | Allocations: 6959)


Started GET "/users" for ::1 at 2019-09-19 00:04:51 +0900
Processing by UsersController#index as HTML
  Rendering users/index.html.erb within layouts/application
  [1m[36mUser Load (0.4ms)[0m  [1m[34mSELECT `users`.* FROM `users`[0m
  ↳ app/views/users/index.html.erb:2
  Rendered users/index.html.erb within layouts/application (Duration: 3.1ms | Allocations: 1002)
Completed 200 OK in 12ms (Views: 9.9ms | ActiveRecord: 0.4ms | Allocations: 5435)


DEPRECATION WARNING: Using `bin/rake routes` is deprecated and will be removed in Rails 6.1. Use `bin/rails routes` instead.
 (called from load at /Users/yuki-nagaoka/.rbenv/versions/2.6.0/bin/rake:23)
Started GET "/users" for ::1 at 2019-09-19 00:08:19 +0900
Processing by UsersController#index as HTML
  Rendering users/index.html.erb within layouts/application
  [1m[36mUser Load (0.3ms)[0m  [1m[34mSELECT `users`.* FROM `users`[0m
  ↳ app/views/users/index.html.erb:2
  Rendered users/index.html.erb within layouts/application (Duration: 17.0ms | Allocations: 4017)
Completed 200 OK in 27ms (Views: 13.9ms | ActiveRecord: 11.7ms | Allocations: 9542)


Started GET "/users/new" for ::1 at 2019-09-19 00:08:24 +0900
Processing by UsersController#new as HTML
  Rendering users/new.html.erb within layouts/application
  Rendered users/new.html.erb within layouts/application (Duration: 1.5ms | Allocations: 410)
Completed 200 OK in 12ms (Views: 10.6ms | ActiveRecord: 0.0ms | Allocations: 4848)


Started GET "/users" for ::1 at 2019-09-19 00:10:15 +0900
Processing by UsersController#index as HTML
  Rendering users/index.html.erb within layouts/application
  [1m[36mUser Load (0.3ms)[0m  [1m[34mSELECT `users`.* FROM `users`[0m
  ↳ app/views/users/index.html.erb:2
  Rendered users/index.html.erb within layouts/application (Duration: 2.1ms | Allocations: 1029)
Completed 200 OK in 16ms (Views: 14.2ms | ActiveRecord: 0.3ms | Allocations: 6255)


Started GET "/users/3/edit" for ::1 at 2019-09-19 00:10:16 +0900
Processing by UsersController#edit as HTML
  Parameters: {"authenticity_token"=>"GH7lfNLO/jfiqQkABgXiaFkxQNz1vzvUrgFmCPuEPm6xmDUq2xCfESRCGYJoBb9DGtxqCBvyzpUUX4dzdaxM5w==", "id"=>"3"}
  [1m[36mUser Load (0.6ms)[0m  [1m[34mSELECT `users`.* FROM `users` WHERE `users`.`id` = 3 LIMIT 1[0m
  ↳ app/controllers/users_controller.rb:20:in `edit'
  Rendering users/edit.html.erb within layouts/application
  Rendered users/edit.html.erb within layouts/application (Duration: 3.6ms | Allocations: 400)
Completed 200 OK in 31ms (Views: 15.0ms | ActiveRecord: 0.6ms | Allocations: 8090)


DEPRECATION WARNING: Using `bin/rake routes` is deprecated and will be removed in Rails 6.1. Use `bin/rails routes` instead.
 (called from load at /Users/yuki-nagaoka/.rbenv/versions/2.6.0/bin/rake:23)
